<?xml version="1.0" encoding="UTF-8"?>
<testsuite name="Run on Chrome"
           tests="2"
           failures="0"
           errors="0"
           skipped="0"
           time="4.467">
  <properties />
  
  
            <testcase name="TC_02_Login_With_Valid_Infor" time="1.504" classname="learn.nopcommerce.user.Level_21_Manage_Data_External" />
                <testcase name="TC_01_Register_With_Valid_Infor" time="2.963" classname="learn.nopcommerce.user.Level_21_Manage_Data_External" />
      
</testsuite>
