<?xml version="1.0" encoding="UTF-8"?>
<testng-results ignored="0" total="2" passed="2" failed="0" skipped="0">
  <reporter-output>
  </reporter-output>
  <suite started-at="2023-08-31T14:48:52Z" name="NopCommerce" finished-at="2023-08-31T14:49:05Z" duration-ms="12543">
    <groups>
    </groups>
    <test started-at="2023-08-31T14:48:52Z" name="Run on Chrome" finished-at="2023-08-31T14:49:05Z" duration-ms="12543">
      <class name="learn.nopcommerce.user.Level_21_Manage_Data_External">
        <test-method is-config="true" signature="beforeClass(java.lang.String)[pri:0, instance:learn.nopcommerce.user.Level_21_Manage_Data_External@5965be2d]" started-at="2023-08-31T14:48:52Z" name="beforeClass" finished-at="2023-08-31T14:49:00Z" duration-ms="7689" status="PASS">
          <params>
            <param index="0">
              <value>
                <![CDATA[chrome]]>
              </value>
            </param>
          </params>
          <reporter-output>
          </reporter-output>
        </test-method> <!-- beforeClass -->
        <test-method signature="TC_01_Register_With_Valid_Infor(java.lang.reflect.Method)[pri:0, instance:learn.nopcommerce.user.Level_21_Manage_Data_External@5965be2d]" started-at="2023-08-31T14:49:00Z" name="TC_01_Register_With_Valid_Infor" finished-at="2023-08-31T14:49:03Z" duration-ms="2963" status="PASS">
          <params>
            <param index="0">
              <value>
                <![CDATA[public void learn.nopcommerce.user.Level_21_Manage_Data_External.TC_01_Register_With_Valid_Infor(java.lang.reflect.Method)]]>
              </value>
            </param>
          </params>
          <reporter-output>
          </reporter-output>
        </test-method> <!-- TC_01_Register_With_Valid_Infor -->
        <test-method signature="TC_02_Login_With_Valid_Infor(java.lang.reflect.Method)[pri:0, instance:learn.nopcommerce.user.Level_21_Manage_Data_External@5965be2d]" started-at="2023-08-31T14:49:03Z" name="TC_02_Login_With_Valid_Infor" finished-at="2023-08-31T14:49:04Z" duration-ms="1504" status="PASS">
          <params>
            <param index="0">
              <value>
                <![CDATA[public void learn.nopcommerce.user.Level_21_Manage_Data_External.TC_02_Login_With_Valid_Infor(java.lang.reflect.Method)]]>
              </value>
            </param>
          </params>
          <reporter-output>
          </reporter-output>
        </test-method> <!-- TC_02_Login_With_Valid_Infor -->
        <test-method is-config="true" signature="afterClass()[pri:0, instance:learn.nopcommerce.user.Level_21_Manage_Data_External@5965be2d]" started-at="2023-08-31T14:49:04Z" name="afterClass" finished-at="2023-08-31T14:49:05Z" duration-ms="271" status="PASS">
          <reporter-output>
          </reporter-output>
        </test-method> <!-- afterClass -->
      </class> <!-- learn.nopcommerce.user.Level_21_Manage_Data_External -->
    </test> <!-- Run on Chrome -->
  </suite> <!-- NopCommerce -->
</testng-results>
